# JRE version: OpenJDK Runtime Environment (11.0.11+9) (build 11.0.11+9-b60-7590822)
# Java VM: OpenJDK 64-Bit Server VM (11.0.11+9-b60-7590822, mixed mode, tiered, compressed oops, g1 gc, windows-amd64)
Heap:
 garbage-first heap   total 236544K, used 148524K [0x0000000080000000, 0x0000000100000000)
  region size 1024K, 37 young (37888K), 2 survivors (2048K)
 Metaspace       used 122777K, capacity 126564K, committed 127564K, reserved 1159168K
  class space    used 15291K, capacity 16749K, committed 17228K, reserved 1048576K
GC Heap History (20 events):
Event: 1626.645 GC heap before
{Heap before GC invocations=84 (full 0):
 garbage-first heap   total 236544K, used 134722K [0x0000000080000000, 0x0000000100000000)
  region size 1024K, 21 young (21504K), 2 survivors (2048K)
 Metaspace       used 122158K, capacity 125934K, committed 126796K, reserved 1159168K
  class space    used 15289K, capacity 16747K, committed 17228K, reserved 1048576K
}
Event: 1626.651 GC heap after
{Heap after GC invocations=85 (full 0):
 garbage-first heap   total 236544K, used 116187K [0x0000000080000000, 0x0000000100000000)
  region size 1024K, 2 young (2048K), 2 survivors (2048K)
 Metaspace       used 122158K, capacity 125934K, committed 126796K, reserved 1159168K
  class space    used 15289K, capacity 16747K, committed 17228K, reserved 1048576K
}
Event: 1679.045 GC heap before
{Heap before GC invocations=86 (full 0):
 garbage-first heap   total 236544K, used 181723K [0x0000000080000000, 0x0000000100000000)
  region size 1024K, 68 young (69632K), 2 survivors (2048K)
 Metaspace       used 122387K, capacity 126139K, committed 127052K, reserved 1159168K
  class space    used 15289K, capacity 16747K, committed 17228K, reserved 1048576K
}
Event: 1679.051 GC heap after
{Heap after GC invocations=87 (full 0):
 garbage-first heap   total 236544K, used 116003K [0x0000000080000000, 0x0000000100000000)
  region size 1024K, 4 young (4096K), 4 survivors (4096K)
 Metaspace       used 122387K, capacity 126139K, committed 127052K, reserved 1159168K
  class space    used 15289K, capacity 16747K, committed 17228K, reserved 1048576K
}
Event: 1679.079 GC heap before
{Heap before GC invocations=87 (full 0):
 garbage-first heap   total 236544K, used 122147K [0x0000000080000000, 0x0000000100000000)
  region size 1024K, 11 young (11264K), 4 survivors (4096K)
 Metaspace       used 122387K, capacity 126139K, committed 127052K, reserved 1159168K
  class space    used 15289K, capacity 16747K, committed 17228K, reserved 1048576K
}
Event: 1679.089 GC heap after
{Heap after GC invocations=88 (full 0):
 garbage-first heap   total 236544K, used 105466K [0x0000000080000000, 0x0000000100000000)
  region size 1024K, 1 young (1024K), 1 survivors (1024K)
 Metaspace       used 122387K, capacity 126139K, committed 127052K, reserved 1159168K
  class space    used 15289K, capacity 16747K, committed 17228K, reserved 1048576K
}
Event: 1679.547 GC heap before
{Heap before GC invocations=88 (full 0):
 garbage-first heap   total 236544K, used 135162K [0x0000000080000000, 0x0000000100000000)
  region size 1024K, 32 young (32768K), 1 survivors (1024K)
 Metaspace       used 122437K, capacity 126204K, committed 127052K, reserved 1159168K
  class space    used 15289K, capacity 16747K, committed 17228K, reserved 1048576K
}
Event: 1679.586 GC heap after
{Heap after GC invocations=89 (full 0):
 garbage-first heap   total 236544K, used 110472K [0x0000000080000000, 0x0000000100000000)
  region size 1024K, 6 young (6144K), 6 survivors (6144K)
 Metaspace       used 122437K, capacity 126204K, committed 127052K, reserved 1159168K
  class space    used 15289K, capacity 16747K, committed 17228K, reserved 1048576K
}
Event: 1680.714 GC heap before
{Heap before GC invocations=90 (full 0):
 garbage-first heap   total 236544K, used 181128K [0x0000000080000000, 0x0000000100000000)
  region size 1024K, 76 young (77824K), 6 survivors (6144K)
 Metaspace       used 122494K, capacity 126336K, committed 127308K, reserved 1159168K
  class space    used 15289K, capacity 16747K, committed 17228K, reserved 1048576K
}
Event: 1680.724 GC heap after
{Heap after GC invocations=91 (full 0):
 garbage-first heap   total 236544K, used 109761K [0x0000000080000000, 0x0000000100000000)
  region size 1024K, 2 young (2048K), 2 survivors (2048K)
 Metaspace       used 122494K, capacity 126336K, committed 127308K, reserved 1159168K
  class space    used 15289K, capacity 16747K, committed 17228K, reserved 1048576K
}
Event: 1680.799 GC heap before
{Heap before GC invocations=91 (full 0):
 garbage-first heap   total 236544K, used 121025K [0x0000000080000000, 0x0000000100000000)
  region size 1024K, 11 young (11264K), 2 survivors (2048K)
 Metaspace       used 122503K, capacity 126339K, committed 127308K, reserved 1159168K
  class space    used 15289K, capacity 16747K, committed 17228K, reserved 1048576K
}
Event: 1680.804 GC heap after
{Heap after GC invocations=92 (full 0):
 garbage-first heap   total 236544K, used 99280K [0x0000000080000000, 0x0000000100000000)
  region size 1024K, 2 young (2048K), 2 survivors (2048K)
 Metaspace       used 122503K, capacity 126339K, committed 127308K, reserved 1159168K
  class space    used 15289K, capacity 16747K, committed 17228K, reserved 1048576K
}
Event: 1760.455 GC heap before
{Heap before GC invocations=92 (full 0):
 garbage-first heap   total 236544K, used 179152K [0x0000000080000000, 0x0000000100000000)
  region size 1024K, 81 young (82944K), 2 survivors (2048K)
 Metaspace       used 122633K, capacity 126419K, committed 127308K, reserved 1159168K
  class space    used 15291K, capacity 16749K, committed 17228K, reserved 1048576K
}
Event: 1760.476 GC heap after
{Heap after GC invocations=93 (full 0):
 garbage-first heap   total 236544K, used 101743K [0x0000000080000000, 0x0000000100000000)
  region size 1024K, 6 young (6144K), 6 survivors (6144K)
 Metaspace       used 122633K, capacity 126419K, committed 127308K, reserved 1159168K
  class space    used 15291K, capacity 16749K, committed 17228K, reserved 1048576K
}
Event: 1762.122 GC heap before
{Heap before GC invocations=94 (full 0):
 garbage-first heap   total 236544K, used 184687K [0x0000000080000000, 0x0000000100000000)
  region size 1024K, 86 young (88064K), 6 survivors (6144K)
 Metaspace       used 122682K, capacity 126554K, committed 127564K, reserved 1159168K
  class space    used 15291K, capacity 16749K, committed 17228K, reserved 1048576K
}
Event: 1762.147 GC heap after
{Heap after GC invocations=95 (full 0):
 garbage-first heap   total 236544K, used 114114K [0x0000000080000000, 0x0000000100000000)
  region size 1024K, 11 young (11264K), 11 survivors (11264K)
 Metaspace       used 122682K, capacity 126554K, committed 127564K, reserved 1159168K
  class space    used 15291K, capacity 16749K, committed 17228K, reserved 1048576K
}
Event: 1762.174 GC heap before
{Heap before GC invocations=95 (full 0):
 garbage-first heap   total 236544K, used 115138K [0x0000000080000000, 0x0000000100000000)
  region size 1024K, 12 young (12288K), 11 survivors (11264K)
 Metaspace       used 122682K, capacity 126554K, committed 127564K, reserved 1159168K
  class space    used 15291K, capacity 16749K, committed 17228K, reserved 1048576K
}
Event: 1762.188 GC heap after
{Heap after GC invocations=96 (full 0):
 garbage-first heap   total 236544K, used 115125K [0x0000000080000000, 0x0000000100000000)
  region size 1024K, 2 young (2048K), 2 survivors (2048K)
 Metaspace       used 122682K, capacity 126554K, committed 127564K, reserved 1159168K
  class space    used 15291K, capacity 16749K, committed 17228K, reserved 1048576K
}
Event: 1762.370 GC heap before
{Heap before GC invocations=96 (full 0):
 garbage-first heap   total 236544K, used 135605K [0x0000000080000000, 0x0000000100000000)
  region size 1024K, 23 young (23552K), 2 survivors (2048K)
 Metaspace       used 122705K, capacity 126556K, committed 127564K, reserved 1159168K
  class space    used 15291K, capacity 16749K, committed 17228K, reserved 1048576K
}
Event: 1762.378 GC heap after
{Heap after GC invocations=97 (full 0):
 garbage-first heap   total 236544K, used 114732K [0x0000000080000000, 0x0000000100000000)
  region size 1024K, 2 young (2048K), 2 survivors (2048K)
 Metaspace       used 122705K, capacity 126556K, committed 127564K, reserved 1159168K
  class space    used 15291K, capacity 16749K, committed 17228K, reserved 1048576K
}

